<?xml version="1.0" encoding="UTF-8"?>
<testsuite xmlns:xsi="http://www.w3.org/2001/XMLSchema-instance" xsi:noNamespaceSchemaLocation="https://maven.apache.org/surefire/maven-surefire-plugin/xsd/surefire-test-report-3.0.xsd" version="3.0" name="com.booking.bookingApp.BookingAppApplicationTests" time="96.531" tests="1" errors="0" skipped="0" failures="0">
  <properties>
[...]
</properties>
  <testcase name="contextLoads" classname="com.booking.bookingApp.BookingAppApplicationTests" time="0.705">
    <system-out><![CDATA[16:16:45.376 [main] INFO org.springframework.test.context.support.AnnotationConfigContextLoaderUtils -- Could not detect default configuration classes for test class [com.booking.bookingApp.BookingAppApplicationTests]: BookingAppApplicationTests does not declare any static, non-private, non-final, nested classes annotated with @Configuration.
16:16:45.652 [main] INFO org.springframework.boot.test.context.SpringBootTestContextBootstrapper -- Found @SpringBootConfiguration com.booking.bookingApp.BookingAppApplication for test class com.booking.bookingApp.BookingAppApplicationTests

  .   ____          _            __ _ _
 /\\ / ___'_ __ _ _(_)_ __  __ _ \ \ \ \
( ( )\___ | '_ | '_| | '_ \/ _` | \ \ \ \
 \\/  ___)| |_)| | | | | || (_| |  ) ) ) )
  '  |____| .__|_| |_|_| |_\__, | / / / /
 =========|_|==============|___/=/_/_/_/
 :: Spring Boot ::                (v3.1.4)

2023-11-20T16:16:46.621-03:00  INFO 8888 --- [           main] c.b.b.BookingAppApplicationTests         : Starting BookingAppApplicationTests using Java 20.0.2 with PID 8888 (started by bauti in C:\Users\bauti\OneDrive\Escritorio\Proyectos\Booking\bookingApp)
2023-11-20T16:16:46.625-03:00  INFO 8888 --- [           main] c.b.b.BookingAppApplicationTests         : No active profile set, falling back to 1 default profile: "default"
2023-11-20T16:16:47.985-03:00  INFO 8888 --- [           main] .s.d.r.c.RepositoryConfigurationDelegate : Bootstrapping Spring Data JPA repositories in DEFAULT mode.
2023-11-20T16:16:48.133-03:00  INFO 8888 --- [           main] .s.d.r.c.RepositoryConfigurationDelegate : Finished Spring Data repository scanning in 130 ms. Found 13 JPA repository interfaces.
2023-11-20T16:16:49.062-03:00  INFO 8888 --- [           main] o.hibernate.jpa.internal.util.LogHelper  : HHH000204: Processing PersistenceUnitInfo [name: default]
2023-11-20T16:16:49.166-03:00  INFO 8888 --- [           main] org.hibernate.Version                    : HHH000412: Hibernate ORM core version 6.2.9.Final
2023-11-20T16:16:49.170-03:00  INFO 8888 --- [           main] org.hibernate.cfg.Environment            : HHH000406: Using bytecode reflection optimizer
2023-11-20T16:16:49.465-03:00  INFO 8888 --- [           main] o.h.b.i.BytecodeProviderInitiator        : HHH000021: Bytecode provider name : bytebuddy
2023-11-20T16:16:49.688-03:00  INFO 8888 --- [           main] o.s.o.j.p.SpringPersistenceUnitInfo      : No LoadTimeWeaver setup: ignoring JPA class transformer
2023-11-20T16:16:49.719-03:00  INFO 8888 --- [           main] com.zaxxer.hikari.HikariDataSource       : HikariPool-1 - Starting...
2023-11-20T16:16:52.351-03:00  INFO 8888 --- [           main] com.zaxxer.hikari.pool.HikariPool        : HikariPool-1 - Added connection com.mysql.cj.jdbc.ConnectionImpl@5f0d8937
2023-11-20T16:16:52.354-03:00  INFO 8888 --- [           main] com.zaxxer.hikari.HikariDataSource       : HikariPool-1 - Start completed.
2023-11-20T16:16:53.226-03:00  INFO 8888 --- [           main] o.h.b.i.BytecodeProviderInitiator        : HHH000021: Bytecode provider name : bytebuddy
2023-11-20T16:16:54.479-03:00  INFO 8888 --- [           main] o.h.e.t.j.p.i.JtaPlatformInitiator       : HHH000490: Using JtaPlatform implementation: [org.hibernate.engine.transaction.jta.platform.internal.NoJtaPlatform]
2023-11-20T16:18:18.413-03:00  INFO 8888 --- [           main] j.LocalContainerEntityManagerFactoryBean : Initialized JPA EntityManagerFactory for persistence unit 'default'
2023-11-20T16:18:19.312-03:00  INFO 8888 --- [           main] o.s.d.j.r.query.QueryEnhancerFactory     : Hibernate is in classpath; If applicable, HQL parser will be used.
2023-11-20T16:18:19.658-03:00  WARN 8888 --- [           main] JpaBaseConfiguration$JpaWebConfiguration : spring.jpa.open-in-view is enabled by default. Therefore, database queries may be performed during view rendering. Explicitly configure spring.jpa.open-in-view to disable this warning
2023-11-20T16:18:19.830-03:00  INFO 8888 --- [           main] o.s.s.web.DefaultSecurityFilterChain     : Will secure any request with [org.springframework.security.web.session.DisableEncodeUrlFilter@6b3284, org.springframework.security.web.context.request.async.WebAsyncManagerIntegrationFilter@500beb9f, org.springframework.security.web.context.SecurityContextHolderFilter@3d6c7152, org.springframework.security.web.header.HeaderWriterFilter@23cfc9eb, org.springframework.web.filter.CorsFilter@67e37d25, org.springframework.security.web.authentication.logout.LogoutFilter@45c10678, com.booking.bookingApp.config.JwtAuthenticationFilter@d827673, org.springframework.security.web.savedrequest.RequestCacheAwareFilter@23974cac, org.springframework.security.web.servletapi.SecurityContextHolderAwareRequestFilter@56e9126f, org.springframework.security.web.authentication.AnonymousAuthenticationFilter@78d49939, org.springframework.security.web.session.SessionManagementFilter@7680beac, org.springframework.security.web.access.ExceptionTranslationFilter@4a5eb613, org.springframework.security.web.access.intercept.AuthorizationFilter@2c3f81ef]
2023-11-20T16:18:20.575-03:00  INFO 8888 --- [           main] c.b.b.BookingAppApplicationTests         : Started BookingAppApplicationTests in 94.589 seconds (process running for 97.131)
]]></system-out>
  </testcase>
</testsuite>